<?xml version="1.0" encoding="UTF-8"?>
<!-- Generated by org.testng.reporters.JUnitReportReporter -->
<testsuite hostname="WKMGB2584871" failures="0" tests="3" name="com.hellofresh.tests.VerifySignIn" time="57.643" errors="0" timestamp="27 Jan 2020 21:11:12 GMT">
  <testcase classname="com.hellofresh.tests.VerifySignIn" name="signInTest" time="16.395"/>
  <testcase classname="com.hellofresh.tests.VerifySignIn" name="checkoutTest" time="26.987"/>
  <testcase classname="com.hellofresh.tests.VerifySignIn" name="logInTest" time="14.261"/>
</testsuite> <!-- com.hellofresh.tests.VerifySignIn -->
