<?xml version="1.0" encoding="UTF-8"?>
<!-- Generated by org.testng.reporters.JUnitReportReporter -->
<testsuite hostname="WKMGB2584871" failures="0" tests="4" name="com.hellofresh.api.getBookings" time="3.932" errors="0" timestamp="29 Jan 2020 21:24:27 GMT">
  <testcase classname="com.hellofresh.api.getBookings" name="test_post_response" time="0.572"/>
  <testcase classname="com.hellofresh.api.getBookings" name="test_error_response" time="0.957"/>
  <testcase classname="com.hellofresh.api.getBookings" name="test_get_booking" time="0.445"/>
  <testcase classname="com.hellofresh.api.getBookings" name="test_get_response" time="1.958"/>
</testsuite> <!-- com.hellofresh.api.getBookings -->
